INFO 2024-08-21 18:26:17,720 autoreload Watching for file changes with StatReloader
INFO 2024-08-21 18:26:17,720 autoreload Watching for file changes with StatReloader
INFO 2024-08-21 18:26:38,386 basehttp "GET /api/schema/swagger-ui/ HTTP/1.1" 200 4642
INFO 2024-08-21 18:26:38,386 basehttp "GET /api/schema/swagger-ui/ HTTP/1.1" 200 4642
/Users/davidnichamoff/Projects/FIZIT_DEV/api/views/account_views.py: Error [AccountViewSet]: unable to guess serializer. This is graceful fallback handling for APIViews. Consider using GenericAPIView as view base class, if view is under your control. Either way you may want to add a serializer_class (or method). Ignoring view for now.
/Users/davidnichamoff/Projects/FIZIT_DEV/api/views/event_views.py: Error [ContractEventViewSet]: unable to guess serializer. This is graceful fallback handling for APIViews. Consider using GenericAPIView as view base class, if view is under your control. Either way you may want to add a serializer_class (or method). Ignoring view for now.
/Users/davidnichamoff/Projects/FIZIT_DEV/api/views/artifact_views.py: Error [ArtifactViewSet]: unable to guess serializer. This is graceful fallback handling for APIViews. Consider using GenericAPIView as view base class, if view is under your control. Either way you may want to add a serializer_class (or method). Ignoring view for now.
/Users/davidnichamoff/Projects/FIZIT_DEV/api/views/ticket_views.py: Error [TicketViewSet]: unable to guess serializer. This is graceful fallback handling for APIViews. Consider using GenericAPIView as view base class, if view is under your control. Either way you may want to add a serializer_class (or method). Ignoring view for now.
/Users/davidnichamoff/Projects/FIZIT_DEV/api/views/address_views.py: Error [ContractAddressViewSet]: unable to guess serializer. This is graceful fallback handling for APIViews. Consider using GenericAPIView as view base class, if view is under your control. Either way you may want to add a serializer_class (or method). Ignoring view for now.
Warning: operationId "contracts_parties_destroy" has collisions [('/api/contracts/{contract_idx}/parties/', 'delete'), ('/api/contracts/{contract_idx}/parties/{party_idx}', 'delete')]. resolving with numeral suffixes.
INFO 2024-08-21 18:26:38,555 basehttp "GET /api/schema/ HTTP/1.1" 200 77371
INFO 2024-08-21 18:26:38,555 basehttp "GET /api/schema/ HTTP/1.1" 200 77371
INFO 2024-08-21 18:26:46,905 basehttp "GET / HTTP/1.1" 200 330
INFO 2024-08-21 18:26:46,905 basehttp "GET / HTTP/1.1" 200 330
INFO 2024-08-21 18:26:46,982 basehttp "GET /static/frontend/frontend-0d83bd12fe2ec9cc3c6a.js HTTP/1.1" 200 1784944
INFO 2024-08-21 18:26:46,982 basehttp "GET /static/frontend/frontend-0d83bd12fe2ec9cc3c6a.js HTTP/1.1" 200 1784944
INFO 2024-08-21 18:26:47,025 basehttp "GET /static/assets/logo/fizit_full_color.png HTTP/1.1" 200 11552
INFO 2024-08-21 18:26:47,025 basehttp "GET /static/assets/logo/fizit_full_color.png HTTP/1.1" 200 11552
INFO 2024-08-21 18:26:47,028 basehttp "GET /static/frontend/images/e75c287d8d3ac4bef96545d964fda3e0.png HTTP/1.1" 200 310
INFO 2024-08-21 18:26:47,028 basehttp "GET /static/frontend/images/e75c287d8d3ac4bef96545d964fda3e0.png HTTP/1.1" 200 310
INFO 2024-08-21 18:26:47,032 basehttp "GET /static/frontend/images/65e90568205de5a0cec2da48f9b7897a.png HTTP/1.1" 200 254360
INFO 2024-08-21 18:26:47,032 basehttp "GET /static/frontend/images/65e90568205de5a0cec2da48f9b7897a.png HTTP/1.1" 200 254360
INFO 2024-08-21 18:26:47,034 basehttp "GET /static/frontend/images/c3f0858230aa96db713ca8d15c2c55e6.png HTTP/1.1" 200 382455
INFO 2024-08-21 18:26:47,034 basehttp "GET /static/frontend/images/c3f0858230aa96db713ca8d15c2c55e6.png HTTP/1.1" 200 382455
INFO 2024-08-21 18:26:48,844 basehttp "GET /admin/ HTTP/1.1" 200 13402
INFO 2024-08-21 18:26:48,844 basehttp "GET /admin/ HTTP/1.1" 200 13402
INFO 2024-08-21 18:26:48,891 basehttp "GET /static/admin/css/nav_sidebar.css HTTP/1.1" 200 2810
INFO 2024-08-21 18:26:48,891 basehttp "GET /static/admin/css/nav_sidebar.css HTTP/1.1" 200 2810
INFO 2024-08-21 18:26:48,891 basehttp "GET /static/admin/css/dark_mode.css HTTP/1.1" 200 2682
INFO 2024-08-21 18:26:48,891 basehttp "GET /static/admin/css/dark_mode.css HTTP/1.1" 200 2682
INFO 2024-08-21 18:26:48,895 basehttp "GET /static/css/Palette.css HTTP/1.1" 200 279
INFO 2024-08-21 18:26:48,895 basehttp "GET /static/css/Palette.css HTTP/1.1" 200 279
INFO 2024-08-21 18:26:48,895 basehttp "GET /static/admin/js/nav_sidebar.js HTTP/1.1" 200 3063
INFO 2024-08-21 18:26:48,895 basehttp "GET /static/admin/js/nav_sidebar.js HTTP/1.1" 200 3063
WARNING 2024-08-21 18:26:48,900 basehttp "GET /static/js/custom_admin.js HTTP/1.1" 404 1927
WARNING 2024-08-21 18:26:48,900 basehttp "GET /static/js/custom_admin.js HTTP/1.1" 404 1927
INFO 2024-08-21 18:49:28,480 basehttp "GET /api/contract-events/ HTTP/1.1" 200 1382453
INFO 2024-08-21 18:49:28,480 basehttp "GET /api/contract-events/ HTTP/1.1" 200 1382453
INFO 2024-08-21 18:49:52,822 basehttp "GET /api/schema/swagger-ui/ HTTP/1.1" 200 4642
INFO 2024-08-21 18:49:52,822 basehttp "GET /api/schema/swagger-ui/ HTTP/1.1" 200 4642
/Users/davidnichamoff/Projects/FIZIT_DEV/api/views/account_views.py: Error [AccountViewSet]: unable to guess serializer. This is graceful fallback handling for APIViews. Consider using GenericAPIView as view base class, if view is under your control. Either way you may want to add a serializer_class (or method). Ignoring view for now.
/Users/davidnichamoff/Projects/FIZIT_DEV/api/views/event_views.py: Error [ContractEventViewSet]: unable to guess serializer. This is graceful fallback handling for APIViews. Consider using GenericAPIView as view base class, if view is under your control. Either way you may want to add a serializer_class (or method). Ignoring view for now.
/Users/davidnichamoff/Projects/FIZIT_DEV/api/views/artifact_views.py: Error [ArtifactViewSet]: unable to guess serializer. This is graceful fallback handling for APIViews. Consider using GenericAPIView as view base class, if view is under your control. Either way you may want to add a serializer_class (or method). Ignoring view for now.
/Users/davidnichamoff/Projects/FIZIT_DEV/api/views/ticket_views.py: Error [TicketViewSet]: unable to guess serializer. This is graceful fallback handling for APIViews. Consider using GenericAPIView as view base class, if view is under your control. Either way you may want to add a serializer_class (or method). Ignoring view for now.
/Users/davidnichamoff/Projects/FIZIT_DEV/api/views/address_views.py: Error [ContractAddressViewSet]: unable to guess serializer. This is graceful fallback handling for APIViews. Consider using GenericAPIView as view base class, if view is under your control. Either way you may want to add a serializer_class (or method). Ignoring view for now.
Warning: operationId "contracts_parties_destroy" has collisions [('/api/contracts/{contract_idx}/parties/', 'delete'), ('/api/contracts/{contract_idx}/parties/{party_idx}', 'delete')]. resolving with numeral suffixes.
INFO 2024-08-21 18:49:53,207 basehttp "GET /api/schema/ HTTP/1.1" 200 77371
INFO 2024-08-21 18:49:53,207 basehttp "GET /api/schema/ HTTP/1.1" 200 77371
INFO 2024-08-21 18:49:59,513 basehttp "GET /api/contract-events/?contract_idx=0 HTTP/1.1" 200 24040
INFO 2024-08-21 18:49:59,513 basehttp "GET /api/contract-events/?contract_idx=0 HTTP/1.1" 200 24040
INFO 2024-08-21 18:51:26,311 basehttp "GET /admin/api/contractevent/ HTTP/1.1" 200 472498
INFO 2024-08-21 18:51:26,311 basehttp "GET /admin/api/contractevent/ HTTP/1.1" 200 472498
INFO 2024-08-21 18:51:26,325 basehttp "GET /static/admin/js/core.js HTTP/1.1" 200 6208
INFO 2024-08-21 18:51:26,325 basehttp "GET /static/admin/js/core.js HTTP/1.1" 200 6208
INFO 2024-08-21 18:51:26,325 basehttp "GET /static/admin/js/admin/RelatedObjectLookups.js HTTP/1.1" 200 9042
INFO 2024-08-21 18:51:26,325 basehttp "GET /static/admin/js/admin/RelatedObjectLookups.js HTTP/1.1" 200 9042
WARNING 2024-08-21 18:51:26,327 basehttp "GET /static/js/custom_admin.js HTTP/1.1" 404 1927
WARNING 2024-08-21 18:51:26,327 basehttp "GET /static/js/custom_admin.js HTTP/1.1" 404 1927
INFO 2024-08-21 18:51:26,327 basehttp "GET /admin/jsi18n/ HTTP/1.1" 200 3342
INFO 2024-08-21 18:51:26,327 basehttp "GET /admin/jsi18n/ HTTP/1.1" 200 3342
INFO 2024-08-21 18:51:36,809 basehttp "GET /admin/api/configuration/ HTTP/1.1" 200 15602
INFO 2024-08-21 18:51:36,809 basehttp "GET /admin/api/configuration/ HTTP/1.1" 200 15602
WARNING 2024-08-21 18:51:36,816 basehttp "GET /static/js/custom_admin.js HTTP/1.1" 404 1927
WARNING 2024-08-21 18:51:36,816 basehttp "GET /static/js/custom_admin.js HTTP/1.1" 404 1927
INFO 2024-08-21 18:51:36,816 basehttp "GET /admin/jsi18n/ HTTP/1.1" 200 3342
INFO 2024-08-21 18:51:36,816 basehttp "GET /admin/jsi18n/ HTTP/1.1" 200 3342
INFO 2024-08-21 18:53:31,136 basehttp "GET / HTTP/1.1" 200 330
INFO 2024-08-21 18:53:31,136 basehttp "GET / HTTP/1.1" 200 330
INFO 2024-08-21 18:53:31,211 basehttp "GET /static/frontend/frontend-0d83bd12fe2ec9cc3c6a.js HTTP/1.1" 304 0
INFO 2024-08-21 18:53:31,211 basehttp "GET /static/frontend/frontend-0d83bd12fe2ec9cc3c6a.js HTTP/1.1" 304 0
INFO 2024-08-21 18:53:31,257 basehttp "GET /static/frontend/images/e75c287d8d3ac4bef96545d964fda3e0.png HTTP/1.1" 304 0
INFO 2024-08-21 18:53:31,257 basehttp "GET /static/frontend/images/e75c287d8d3ac4bef96545d964fda3e0.png HTTP/1.1" 304 0
INFO 2024-08-21 18:53:31,260 basehttp "GET /static/frontend/images/65e90568205de5a0cec2da48f9b7897a.png HTTP/1.1" 304 0
INFO 2024-08-21 18:53:31,260 basehttp "GET /static/frontend/images/65e90568205de5a0cec2da48f9b7897a.png HTTP/1.1" 304 0
INFO 2024-08-21 18:53:31,261 basehttp "GET /static/frontend/images/c3f0858230aa96db713ca8d15c2c55e6.png HTTP/1.1" 304 0
INFO 2024-08-21 18:53:31,261 basehttp "GET /static/frontend/images/c3f0858230aa96db713ca8d15c2c55e6.png HTTP/1.1" 304 0
INFO 2024-08-21 18:53:39,680 basehttp "GET /static/frontend/images/6f8d1edb56bfa90dd15bfd648f6a39e5.png HTTP/1.1" 200 45655
INFO 2024-08-21 18:53:39,680 basehttp "GET /static/frontend/images/6f8d1edb56bfa90dd15bfd648f6a39e5.png HTTP/1.1" 200 45655
INFO 2024-08-21 18:53:44,179 basehttp "GET /static/frontend/images/eb3a0c64241faa3760a6e22e3d6a0db1.png HTTP/1.1" 200 331
INFO 2024-08-21 18:53:44,179 basehttp "GET /static/frontend/images/eb3a0c64241faa3760a6e22e3d6a0db1.png HTTP/1.1" 200 331
INFO 2024-08-21 18:53:44,183 basehttp "GET /static/frontend/images/34448be04f44ca4772558005c4121232.png HTTP/1.1" 200 2265
INFO 2024-08-21 18:53:44,183 basehttp "GET /static/frontend/images/34448be04f44ca4772558005c4121232.png HTTP/1.1" 200 2265
INFO 2024-08-21 18:53:44,184 basehttp "GET /static/frontend/images/1b2f0fd6b9b815b1fa1d6b7b8bd0ec34.png HTTP/1.1" 200 770
INFO 2024-08-21 18:53:44,184 basehttp "GET /static/frontend/images/1b2f0fd6b9b815b1fa1d6b7b8bd0ec34.png HTTP/1.1" 200 770
INFO 2024-08-21 18:53:44,184 basehttp "GET /static/frontend/images/339cee0376951c3b5ec91a448d843def.png HTTP/1.1" 200 1191
INFO 2024-08-21 18:53:44,184 basehttp "GET /static/frontend/images/339cee0376951c3b5ec91a448d843def.png HTTP/1.1" 200 1191
INFO 2024-08-21 18:53:44,186 basehttp "GET /static/frontend/images/200d6eba596ebabd21be6f3765070880.png HTTP/1.1" 200 185274
INFO 2024-08-21 18:53:44,186 basehttp "GET /static/frontend/images/200d6eba596ebabd21be6f3765070880.png HTTP/1.1" 200 185274
INFO 2024-08-21 18:53:46,961 basehttp "GET /static/frontend/images/9e1877699140c1e412c9813706d1345c.png HTTP/1.1" 200 350706
INFO 2024-08-21 18:53:46,961 basehttp "GET /static/frontend/images/9e1877699140c1e412c9813706d1345c.png HTTP/1.1" 200 350706
INFO 2024-08-21 18:53:47,976 basehttp "GET /static/frontend/images/098711c44b32e78b79e2a927e0e0acb6.png HTTP/1.1" 200 317843
INFO 2024-08-21 18:53:47,976 basehttp "GET /static/frontend/images/098711c44b32e78b79e2a927e0e0acb6.png HTTP/1.1" 200 317843
INFO 2024-08-21 18:54:36,292 basehttp "GET /admin/api/ HTTP/1.1" 200 8679
INFO 2024-08-21 18:54:36,292 basehttp "GET /admin/api/ HTTP/1.1" 200 8679
WARNING 2024-08-21 18:54:36,301 basehttp "GET /static/js/custom_admin.js HTTP/1.1" 404 1927
WARNING 2024-08-21 18:54:36,301 basehttp "GET /static/js/custom_admin.js HTTP/1.1" 404 1927
INFO 2024-08-21 18:54:43,705 basehttp "GET /admin/api/contactrequest/ HTTP/1.1" 200 12356
INFO 2024-08-21 18:54:43,705 basehttp "GET /admin/api/contactrequest/ HTTP/1.1" 200 12356
WARNING 2024-08-21 18:54:43,713 basehttp "GET /static/js/custom_admin.js HTTP/1.1" 404 1927
WARNING 2024-08-21 18:54:43,713 basehttp "GET /static/js/custom_admin.js HTTP/1.1" 404 1927
INFO 2024-08-21 18:54:43,714 basehttp "GET /admin/jsi18n/ HTTP/1.1" 200 3342
INFO 2024-08-21 18:54:43,714 basehttp "GET /admin/jsi18n/ HTTP/1.1" 200 3342
WARNING 2024-08-21 18:54:59,092 log Forbidden (CSRF token missing.): /api/contact-request/
WARNING 2024-08-21 18:54:59,092 log Forbidden (CSRF token missing.): /api/contact-request/
WARNING 2024-08-21 18:54:59,093 basehttp "POST /api/contact-request/ HTTP/1.1" 403 2505
WARNING 2024-08-21 18:54:59,093 basehttp "POST /api/contact-request/ HTTP/1.1" 403 2505
WARNING 2024-08-21 18:55:02,957 log Forbidden (CSRF token missing.): /api/contact-request/
WARNING 2024-08-21 18:55:02,957 log Forbidden (CSRF token missing.): /api/contact-request/
WARNING 2024-08-21 18:55:02,957 basehttp "POST /api/contact-request/ HTTP/1.1" 403 2505
WARNING 2024-08-21 18:55:02,957 basehttp "POST /api/contact-request/ HTTP/1.1" 403 2505
WARNING 2024-08-21 18:55:09,010 log Forbidden (CSRF token missing.): /api/contact-request/
WARNING 2024-08-21 18:55:09,010 log Forbidden (CSRF token missing.): /api/contact-request/
WARNING 2024-08-21 18:55:09,011 basehttp "POST /api/contact-request/ HTTP/1.1" 403 2505
WARNING 2024-08-21 18:55:09,011 basehttp "POST /api/contact-request/ HTTP/1.1" 403 2505
INFO 2024-08-21 18:56:13,800 basehttp "GET / HTTP/1.1" 200 330
INFO 2024-08-21 18:56:13,800 basehttp "GET / HTTP/1.1" 200 330
INFO 2024-08-21 18:56:15,192 basehttp "GET /admin/ HTTP/1.1" 200 13402
INFO 2024-08-21 18:56:15,192 basehttp "GET /admin/ HTTP/1.1" 200 13402
WARNING 2024-08-21 18:56:15,263 basehttp "GET /static/js/custom_admin.js HTTP/1.1" 404 1927
WARNING 2024-08-21 18:56:15,263 basehttp "GET /static/js/custom_admin.js HTTP/1.1" 404 1927
INFO 2024-08-21 18:56:18,003 basehttp "GET /admin/api/contactrequest/ HTTP/1.1" 200 12356
INFO 2024-08-21 18:56:18,003 basehttp "GET /admin/api/contactrequest/ HTTP/1.1" 200 12356
WARNING 2024-08-21 18:56:18,018 basehttp "GET /static/js/custom_admin.js HTTP/1.1" 404 1927
WARNING 2024-08-21 18:56:18,018 basehttp "GET /static/js/custom_admin.js HTTP/1.1" 404 1927
INFO 2024-08-21 18:56:18,020 basehttp "GET /admin/jsi18n/ HTTP/1.1" 200 3342
INFO 2024-08-21 18:56:18,020 basehttp "GET /admin/jsi18n/ HTTP/1.1" 200 3342
INFO 2024-08-21 18:59:19,580 basehttp "GET / HTTP/1.1" 200 330
INFO 2024-08-21 18:59:19,580 basehttp "GET / HTTP/1.1" 200 330
INFO 2024-08-21 18:59:19,604 basehttp "GET /static/frontend/frontend-0d83bd12fe2ec9cc3c6a.js HTTP/1.1" 304 0
INFO 2024-08-21 18:59:19,604 basehttp "GET /static/frontend/frontend-0d83bd12fe2ec9cc3c6a.js HTTP/1.1" 304 0
INFO 2024-08-21 18:59:19,673 basehttp "GET /static/frontend/images/e75c287d8d3ac4bef96545d964fda3e0.png HTTP/1.1" 304 0
INFO 2024-08-21 18:59:19,673 basehttp "GET /static/frontend/images/e75c287d8d3ac4bef96545d964fda3e0.png HTTP/1.1" 304 0
INFO 2024-08-21 18:59:19,674 basehttp "GET /static/frontend/images/65e90568205de5a0cec2da48f9b7897a.png HTTP/1.1" 304 0
INFO 2024-08-21 18:59:19,674 basehttp "GET /static/frontend/images/65e90568205de5a0cec2da48f9b7897a.png HTTP/1.1" 304 0
INFO 2024-08-21 18:59:19,676 basehttp "GET /static/frontend/images/c3f0858230aa96db713ca8d15c2c55e6.png HTTP/1.1" 304 0
INFO 2024-08-21 18:59:19,676 basehttp "GET /static/frontend/images/c3f0858230aa96db713ca8d15c2c55e6.png HTTP/1.1" 304 0
INFO 2024-08-21 18:59:20,894 basehttp "GET /api/schema/swagger-ui/ HTTP/1.1" 200 4642
INFO 2024-08-21 18:59:20,894 basehttp "GET /api/schema/swagger-ui/ HTTP/1.1" 200 4642
/Users/davidnichamoff/Projects/FIZIT_DEV/api/views/account_views.py: Error [AccountViewSet]: unable to guess serializer. This is graceful fallback handling for APIViews. Consider using GenericAPIView as view base class, if view is under your control. Either way you may want to add a serializer_class (or method). Ignoring view for now.
/Users/davidnichamoff/Projects/FIZIT_DEV/api/views/event_views.py: Error [ContractEventViewSet]: unable to guess serializer. This is graceful fallback handling for APIViews. Consider using GenericAPIView as view base class, if view is under your control. Either way you may want to add a serializer_class (or method). Ignoring view for now.
/Users/davidnichamoff/Projects/FIZIT_DEV/api/views/artifact_views.py: Error [ArtifactViewSet]: unable to guess serializer. This is graceful fallback handling for APIViews. Consider using GenericAPIView as view base class, if view is under your control. Either way you may want to add a serializer_class (or method). Ignoring view for now.
/Users/davidnichamoff/Projects/FIZIT_DEV/api/views/ticket_views.py: Error [TicketViewSet]: unable to guess serializer. This is graceful fallback handling for APIViews. Consider using GenericAPIView as view base class, if view is under your control. Either way you may want to add a serializer_class (or method). Ignoring view for now.
/Users/davidnichamoff/Projects/FIZIT_DEV/api/views/address_views.py: Error [ContractAddressViewSet]: unable to guess serializer. This is graceful fallback handling for APIViews. Consider using GenericAPIView as view base class, if view is under your control. Either way you may want to add a serializer_class (or method). Ignoring view for now.
Warning: operationId "contracts_parties_destroy" has collisions [('/api/contracts/{contract_idx}/parties/', 'delete'), ('/api/contracts/{contract_idx}/parties/{party_idx}', 'delete')]. resolving with numeral suffixes.
INFO 2024-08-21 18:59:21,030 basehttp "GET /api/schema/ HTTP/1.1" 200 77371
INFO 2024-08-21 18:59:21,030 basehttp "GET /api/schema/ HTTP/1.1" 200 77371
INFO 2024-08-21 19:01:16,246 basehttp "GET /api/accounts/ HTTP/1.1" 200 1009
INFO 2024-08-21 19:01:16,246 basehttp "GET /api/accounts/ HTTP/1.1" 200 1009
INFO 2024-08-21 19:03:00,014 basehttp "GET /api/contracts/ HTTP/1.1" 200 51498
INFO 2024-08-21 19:03:00,014 basehttp "GET /api/contracts/ HTTP/1.1" 200 51498
INFO 2024-08-21 20:47:48,717 basehttp "POST /api/contracts/ HTTP/1.1" 201 2
INFO 2024-08-21 20:47:48,717 basehttp "POST /api/contracts/ HTTP/1.1" 201 2
INFO 2024-08-21 20:47:48,930 basehttp "GET /api/contracts/92/ HTTP/1.1" 200 741
INFO 2024-08-21 20:47:48,930 basehttp "GET /api/contracts/92/ HTTP/1.1" 200 741
INFO 2024-08-21 20:47:54,189 basehttp "POST /api/contracts/92/parties/ HTTP/1.1" 201 4
INFO 2024-08-21 20:47:54,189 basehttp "POST /api/contracts/92/parties/ HTTP/1.1" 201 4
INFO 2024-08-21 20:47:56,190 basehttp "POST /api/contracts/92/parties/ HTTP/1.1" 201 4
INFO 2024-08-21 20:47:56,190 basehttp "POST /api/contracts/92/parties/ HTTP/1.1" 201 4
INFO 2024-08-21 20:47:56,285 basehttp "GET /api/contracts/92/parties/ HTTP/1.1" 200 560
INFO 2024-08-21 20:47:56,285 basehttp "GET /api/contracts/92/parties/ HTTP/1.1" 200 560
INFO 2024-08-21 20:47:56,289 basehttp "GET /api/get-csrf-token/ HTTP/1.1" 200 30
INFO 2024-08-21 20:47:56,289 basehttp "GET /api/get-csrf-token/ HTTP/1.1" 200 30
INFO 2024-08-21 20:47:58,126 basehttp "DELETE /api/contracts/92/parties/3 HTTP/1.1" 204 4
INFO 2024-08-21 20:47:58,126 basehttp "DELETE /api/contracts/92/parties/3 HTTP/1.1" 204 4
INFO 2024-08-21 20:47:58,127 basehttp - Broken pipe from ('127.0.0.1', 51023)
INFO 2024-08-21 20:47:58,127 basehttp - Broken pipe from ('127.0.0.1', 51023)
INFO 2024-08-21 20:47:58,217 basehttp "GET /api/contracts/92/parties/ HTTP/1.1" 200 419
INFO 2024-08-21 20:47:58,217 basehttp "GET /api/contracts/92/parties/ HTTP/1.1" 200 419
INFO 2024-08-21 20:48:10,103 basehttp "POST /api/contracts/92/settlements/ HTTP/1.1" 201 4
INFO 2024-08-21 20:48:10,103 basehttp "POST /api/contracts/92/settlements/ HTTP/1.1" 201 4
INFO 2024-08-21 20:48:30,144 basehttp "POST /api/contracts/92/transactions/ HTTP/1.1" 201 4
INFO 2024-08-21 20:48:30,144 basehttp "POST /api/contracts/92/transactions/ HTTP/1.1" 201 4
INFO 2024-08-21 20:48:50,173 basehttp "POST /api/contracts/92/transactions/ HTTP/1.1" 201 4
INFO 2024-08-21 20:48:50,173 basehttp "POST /api/contracts/92/transactions/ HTTP/1.1" 201 4
INFO 2024-08-21 20:49:10,096 basehttp "POST /api/contracts/92/transactions/ HTTP/1.1" 201 4
INFO 2024-08-21 20:49:10,096 basehttp "POST /api/contracts/92/transactions/ HTTP/1.1" 201 4
INFO 2024-08-21 20:49:30,111 basehttp "POST /api/contracts/92/transactions/ HTTP/1.1" 201 4
INFO 2024-08-21 20:49:30,111 basehttp "POST /api/contracts/92/transactions/ HTTP/1.1" 201 4
INFO 2024-08-21 20:49:50,071 basehttp "POST /api/contracts/92/transactions/ HTTP/1.1" 201 4
INFO 2024-08-21 20:49:50,071 basehttp "POST /api/contracts/92/transactions/ HTTP/1.1" 201 4
INFO 2024-08-21 20:49:52,205 basehttp "POST /api/contracts/92/transactions/ HTTP/1.1" 201 4
INFO 2024-08-21 20:49:52,205 basehttp "POST /api/contracts/92/transactions/ HTTP/1.1" 201 4
INFO 2024-08-21 20:49:52,393 basehttp "GET /api/contracts/92/transactions/ HTTP/1.1" 200 20385
INFO 2024-08-21 20:49:52,393 basehttp "GET /api/contracts/92/transactions/ HTTP/1.1" 200 20385
INFO 2024-08-21 20:49:52,558 basehttp "GET /api/contracts/92/settlements/ HTTP/1.1" 200 4108
INFO 2024-08-21 20:49:52,558 basehttp "GET /api/contracts/92/settlements/ HTTP/1.1" 200 4108
INFO 2024-08-21 20:49:52,743 basehttp "GET /api/contracts/92/transactions/?transact_min_dt=2024-07-01T00%3A00%3A00&transact_max_dt=2024-08-01T00%3A00%3A00 HTTP/1.1" 200 12386
INFO 2024-08-21 20:49:52,743 basehttp "GET /api/contracts/92/transactions/?transact_min_dt=2024-07-01T00%3A00%3A00&transact_max_dt=2024-08-01T00%3A00%3A00 HTTP/1.1" 200 12386
INFO 2024-08-21 20:49:52,926 basehttp "GET /api/contracts/92/transactions/?transact_min_dt=2024-08-01T00%3A00%3A00&transact_max_dt=2024-09-01T00%3A00%3A00 HTTP/1.1" 200 7990
INFO 2024-08-21 20:49:52,926 basehttp "GET /api/contracts/92/transactions/?transact_min_dt=2024-08-01T00%3A00%3A00&transact_max_dt=2024-09-01T00%3A00%3A00 HTTP/1.1" 200 7990
INFO 2024-08-21 20:49:53,101 basehttp "GET /api/contracts/92/transactions/?transact_min_dt=2024-09-01T00%3A00%3A00&transact_max_dt=2024-10-01T00%3A00%3A00 HTTP/1.1" 200 2
INFO 2024-08-21 20:49:53,101 basehttp "GET /api/contracts/92/transactions/?transact_min_dt=2024-09-01T00%3A00%3A00&transact_max_dt=2024-10-01T00%3A00%3A00 HTTP/1.1" 200 2
INFO 2024-08-21 20:49:53,263 basehttp "GET /api/contracts/92/transactions/?transact_min_dt=2024-10-01T00%3A00%3A00&transact_max_dt=2024-11-01T00%3A00%3A00 HTTP/1.1" 200 2
INFO 2024-08-21 20:49:53,263 basehttp "GET /api/contracts/92/transactions/?transact_min_dt=2024-10-01T00%3A00%3A00&transact_max_dt=2024-11-01T00%3A00%3A00 HTTP/1.1" 200 2
INFO 2024-08-21 20:49:53,432 basehttp "GET /api/contracts/92/transactions/?transact_min_dt=2024-11-01T00%3A00%3A00&transact_max_dt=2024-12-01T00%3A00%3A00 HTTP/1.1" 200 2
INFO 2024-08-21 20:49:53,432 basehttp "GET /api/contracts/92/transactions/?transact_min_dt=2024-11-01T00%3A00%3A00&transact_max_dt=2024-12-01T00%3A00%3A00 HTTP/1.1" 200 2
INFO 2024-08-21 20:49:53,610 basehttp "GET /api/contracts/92/transactions/?transact_min_dt=2024-12-01T00%3A00%3A00&transact_max_dt=2025-01-01T00%3A00%3A00 HTTP/1.1" 200 2
INFO 2024-08-21 20:49:53,610 basehttp "GET /api/contracts/92/transactions/?transact_min_dt=2024-12-01T00%3A00%3A00&transact_max_dt=2025-01-01T00%3A00%3A00 HTTP/1.1" 200 2
INFO 2024-08-21 20:49:54,562 basehttp "PATCH /api/contracts/92/ HTTP/1.1" 200 4
INFO 2024-08-21 20:49:54,562 basehttp "PATCH /api/contracts/92/ HTTP/1.1" 200 4
INFO 2024-08-21 20:49:54,566 basehttp "GET /api/get-csrf-token/ HTTP/1.1" 200 30
INFO 2024-08-21 20:49:54,566 basehttp "GET /api/get-csrf-token/ HTTP/1.1" 200 30
INFO 2024-08-21 20:49:56,146 basehttp "DELETE /api/contracts/92/transactions/ HTTP/1.1" 204 4
INFO 2024-08-21 20:49:56,146 basehttp "DELETE /api/contracts/92/transactions/ HTTP/1.1" 204 4
INFO 2024-08-21 20:49:56,150 basehttp "GET /api/get-csrf-token/ HTTP/1.1" 200 30
INFO 2024-08-21 20:49:56,150 basehttp "GET /api/get-csrf-token/ HTTP/1.1" 200 30
INFO 2024-08-21 20:49:58,134 basehttp "DELETE /api/contracts/92/settlements/ HTTP/1.1" 204 4
INFO 2024-08-21 20:49:58,134 basehttp "DELETE /api/contracts/92/settlements/ HTTP/1.1" 204 4
INFO 2024-08-21 20:49:58,134 basehttp - Broken pipe from ('127.0.0.1', 51064)
INFO 2024-08-21 20:49:58,134 basehttp - Broken pipe from ('127.0.0.1', 51064)
INFO 2024-08-21 20:49:58,136 basehttp "GET /api/get-csrf-token/ HTTP/1.1" 200 30
INFO 2024-08-21 20:49:58,136 basehttp "GET /api/get-csrf-token/ HTTP/1.1" 200 30
INFO 2024-08-21 20:50:00,194 basehttp "DELETE /api/contracts/92/parties/ HTTP/1.1" 204 4
INFO 2024-08-21 20:50:00,194 basehttp "DELETE /api/contracts/92/parties/ HTTP/1.1" 204 4
INFO 2024-08-21 20:50:02,125 basehttp "DELETE /api/contracts/92/ HTTP/1.1" 204 4
INFO 2024-08-21 20:50:02,125 basehttp "DELETE /api/contracts/92/ HTTP/1.1" 204 4
INFO 2024-08-21 20:50:07,137 basehttp "GET /api/contract-events/?contract_idx=92&contract_addr=0x5Fb61ad2172A9563e525eb4B4e0DB2F8852ED024 HTTP/1.1" 200 13499
INFO 2024-08-21 20:50:07,137 basehttp "GET /api/contract-events/?contract_idx=92&contract_addr=0x5Fb61ad2172A9563e525eb4B4e0DB2F8852ED024 HTTP/1.1" 200 13499
WARNING 2024-08-21 20:50:07,228 basehttp "POST /api/contracts/ HTTP/1.1" 400 91
WARNING 2024-08-21 20:50:07,228 basehttp "POST /api/contracts/ HTTP/1.1" 400 91
WARNING 2024-08-21 20:50:07,309 basehttp "POST /api/contracts/ HTTP/1.1" 400 93
WARNING 2024-08-21 20:50:07,309 basehttp "POST /api/contracts/ HTTP/1.1" 400 93
WARNING 2024-08-21 20:50:07,390 basehttp "POST /api/contracts/ HTTP/1.1" 400 84
WARNING 2024-08-21 20:50:07,390 basehttp "POST /api/contracts/ HTTP/1.1" 400 84
WARNING 2024-08-21 20:50:07,474 basehttp "POST /api/contracts/ HTTP/1.1" 400 59
WARNING 2024-08-21 20:50:07,474 basehttp "POST /api/contracts/ HTTP/1.1" 400 59
WARNING 2024-08-21 20:50:07,555 basehttp "POST /api/contracts/ HTTP/1.1" 400 115
WARNING 2024-08-21 20:50:07,555 basehttp "POST /api/contracts/ HTTP/1.1" 400 115
WARNING 2024-08-21 20:50:07,640 basehttp "POST /api/contracts/ HTTP/1.1" 400 52
WARNING 2024-08-21 20:50:07,640 basehttp "POST /api/contracts/ HTTP/1.1" 400 52
WARNING 2024-08-21 20:50:07,731 basehttp "POST /api/contracts/ HTTP/1.1" 400 89
WARNING 2024-08-21 20:50:07,731 basehttp "POST /api/contracts/ HTTP/1.1" 400 89
INFO 2024-08-21 20:50:08,125 basehttp "POST /api/contracts/ HTTP/1.1" 201 2
INFO 2024-08-21 20:50:08,125 basehttp "POST /api/contracts/ HTTP/1.1" 201 2
WARNING 2024-08-21 20:50:08,131 basehttp "POST /api/contracts/93/parties/ HTTP/1.1" 400 61
WARNING 2024-08-21 20:50:08,131 basehttp "POST /api/contracts/93/parties/ HTTP/1.1" 400 61
INFO 2024-08-21 20:50:10,079 basehttp "POST /api/contracts/ HTTP/1.1" 201 2
INFO 2024-08-21 20:50:10,079 basehttp "POST /api/contracts/ HTTP/1.1" 201 2
WARNING 2024-08-21 20:50:10,086 basehttp "POST /api/contracts/94/parties/ HTTP/1.1" 400 73
WARNING 2024-08-21 20:50:10,086 basehttp "POST /api/contracts/94/parties/ HTTP/1.1" 400 73
INFO 2024-08-21 20:50:12,140 basehttp "POST /api/contracts/ HTTP/1.1" 201 2
INFO 2024-08-21 20:50:12,140 basehttp "POST /api/contracts/ HTTP/1.1" 201 2
WARNING 2024-08-21 20:50:12,147 basehttp "POST /api/contracts/95/parties/ HTTP/1.1" 400 61
WARNING 2024-08-21 20:50:12,147 basehttp "POST /api/contracts/95/parties/ HTTP/1.1" 400 61
INFO 2024-08-21 20:50:14,182 basehttp "POST /api/contracts/ HTTP/1.1" 201 2
INFO 2024-08-21 20:50:14,182 basehttp "POST /api/contracts/ HTTP/1.1" 201 2
WARNING 2024-08-21 20:50:14,200 basehttp "POST /api/contracts/96/settlements/ HTTP/1.1" 400 181
WARNING 2024-08-21 20:50:14,200 basehttp "POST /api/contracts/96/settlements/ HTTP/1.1" 400 181
INFO 2024-08-21 20:50:16,208 basehttp "POST /api/contracts/ HTTP/1.1" 201 2
INFO 2024-08-21 20:50:16,208 basehttp "POST /api/contracts/ HTTP/1.1" 201 2
WARNING 2024-08-21 20:50:16,217 basehttp "POST /api/contracts/97/settlements/ HTTP/1.1" 400 181
WARNING 2024-08-21 20:50:16,217 basehttp "POST /api/contracts/97/settlements/ HTTP/1.1" 400 181
INFO 2024-08-21 20:50:18,213 basehttp "POST /api/contracts/ HTTP/1.1" 201 2
INFO 2024-08-21 20:50:18,213 basehttp "POST /api/contracts/ HTTP/1.1" 201 2
WARNING 2024-08-21 20:50:18,217 basehttp "POST /api/contracts/98/settlements/ HTTP/1.1" 400 164
WARNING 2024-08-21 20:50:18,217 basehttp "POST /api/contracts/98/settlements/ HTTP/1.1" 400 164
INFO 2024-08-21 20:50:20,180 basehttp "POST /api/contracts/ HTTP/1.1" 201 2
INFO 2024-08-21 20:50:20,180 basehttp "POST /api/contracts/ HTTP/1.1" 201 2
WARNING 2024-08-21 20:50:20,266 basehttp "POST /api/contracts/99/transactions/ HTTP/1.1" 400 48
WARNING 2024-08-21 20:50:20,266 basehttp "POST /api/contracts/99/transactions/ HTTP/1.1" 400 48
INFO 2024-08-21 20:50:22,075 basehttp "POST /api/contracts/ HTTP/1.1" 201 3
INFO 2024-08-21 20:50:22,075 basehttp "POST /api/contracts/ HTTP/1.1" 201 3
WARNING 2024-08-21 20:50:22,163 basehttp "POST /api/contracts/100/transactions/ HTTP/1.1" 400 48
WARNING 2024-08-21 20:50:22,163 basehttp "POST /api/contracts/100/transactions/ HTTP/1.1" 400 48
