
> fizit_dev@1.0.0 dev
> webpack --config webpack.config.js --watch --mode development

(node:44720) [DEP_WEBPACK_TEMPLATE_PATH_PLUGIN_REPLACE_PATH_VARIABLES_HASH] DeprecationWarning: [hash] is now [fullhash] (also consider using [chunkhash] or [contenthash], see documentation for details)
(Use `node --trace-deprecation ...` to show where the warning was created)
asset frontend-0d83bd12fe2ec9cc3c6a.js 1.7 MiB [emitted] [immutable] (name: frontend)
asset images/c3f0858230aa96db713ca8d15c2c55e6.png 373 KiB [emitted] [immutable] [from: frontend/static/assets/image/eps_chart.png] (auxiliary name: frontend)
asset images/9e1877699140c1e412c9813706d1345c.png 342 KiB [emitted] [immutable] [from: frontend/static/assets/image/checkers_checking.png] (auxiliary name: frontend)
asset images/098711c44b32e78b79e2a927e0e0acb6.png 310 KiB [emitted] [immutable] [from: frontend/static/assets/image/retail_learning.png] (auxiliary name: frontend)
asset images/65e90568205de5a0cec2da48f9b7897a.png 248 KiB [emitted] [immutable] [from: frontend/static/assets/image/man.png] (auxiliary name: frontend)
asset images/ad17ce4710cd0d5a1e8443c6a932ee25.png 193 KiB [emitted] [immutable] [from: frontend/static/assets/image/woman.png] (auxiliary name: frontend)
asset images/200d6eba596ebabd21be6f3765070880.png 181 KiB [emitted] [immutable] [from: frontend/static/assets/image/get_paid_immediately.png] (auxiliary name: frontend)
asset images/3bf688f7b3bc944222a791c40a09b148.png 73.5 KiB [emitted] [immutable] [from: frontend/static/assets/image/contracts_chart.png] (auxiliary name: frontend)
asset images/0efd710ddb6a53d330bea6dbb6c5024a.png 64.1 KiB [emitted] [immutable] [from: frontend/static/assets/image/iot.png] (auxiliary name: frontend)
asset images/e39b2d6ec4f70b311c5e1e25a9ae386b.png 57.9 KiB [emitted] [immutable] [from: frontend/static/assets/image/proof.png] (auxiliary name: frontend)
asset images/6f8d1edb56bfa90dd15bfd648f6a39e5.png 44.6 KiB [emitted] [immutable] [from: frontend/static/assets/image/cash.png] (auxiliary name: frontend)
asset images/092f5d15c166d28373c9f6f7c648f8f2.png 17.8 KiB [emitted] [immutable] [from: frontend/static/assets/image/avalanche.png] (auxiliary name: frontend)
asset images/3e3fbc1bf80c656475296f0b415c62a6.png 16 KiB [emitted] [immutable] [from: frontend/static/assets/image/trust.png] (auxiliary name: frontend)
asset images/34448be04f44ca4772558005c4121232.png 2.21 KiB [emitted] [immutable] [from: frontend/static/assets/icon/exchange.png] (auxiliary name: frontend)
+ 4 assets
runtime modules 2.23 KiB 8 modules
modules by path ./frontend/ 94.7 KiB
  modules by path ./frontend/src/ 93.3 KiB
    modules by path ./frontend/src/components/ 35.6 KiB 23 modules
    modules by path ./frontend/src/pages/ 56.2 KiB 15 modules
    modules by path ./frontend/src/*.js 1.43 KiB 2 modules
  modules by path ./frontend/static/assets/ 1.44 KiB
    modules by path ./frontend/static/assets/image/*.png 1.02 KiB 12 modules
    modules by path ./frontend/static/assets/icon/*.png 435 bytes 5 modules
modules by path ./node_modules/ 1.4 MiB 26 modules
webpack 5.91.0 compiled successfully in 1066 ms
